***************************************************************************
This file has been auto generated by DDM Distributed Decision Making System
***************************************************************************

1,0.75,1,1,1,0,0.8,1,0.25,N	Classifier1 decision:N(0.33%) |Classifier2 decision:N(0.40%) |Classifier3 decision:N(0.89%) |	 -> Final Decision (N) value:1.00
1,0.81,1,0,0,0,1,-1,0.38,N	Classifier1 decision:N(0.33%) |Classifier2 decision:N(0.40%) |Classifier3 decision:N(0.89%) |	 -> Final Decision (N) value:1.00
1,0.94,1,1,1,0,0.2,-1,0.25,N	Classifier1 decision:N(0.33%) |Classifier2 decision:N(0.40%) |Classifier3 decision:N(0.89%) |	 -> Final Decision (N) value:1.00
1,0.81,1,1,0,0,1,1,0.5,N	Classifier1 decision:N(0.33%) |Classifier2 decision:N(0.40%) |Classifier3 decision:N(0.89%) |	 -> Final Decision (N) value:1.00
1,0.64,1,0,1,0,1,-1,0.38,N	Classifier1 decision:N(0.33%) |Classifier2 decision:N(0.40%) |Classifier3 decision:N(0.89%) |	 -> Final Decision (N) value:1.00
1,0.69,1,0,1,0,0.8,-1,0.25,O	Classifier1 decision:N(0.33%) |Classifier2 decision:N(0.40%) |Classifier3 decision:O(0.89%) |	 -> Final Decision (O) value:1.55
1,0.75,1,1,1,0,1,1,0.25,N	Classifier1 decision:N(0.33%) |Classifier2 decision:N(0.40%) |Classifier3 decision:N(0.89%) |	 -> Final Decision (N) value:1.00
1,0.67,1,0,0,0,0.8,1,0.38,O	Classifier1 decision:N(0.33%) |Classifier2 decision:N(0.40%) |Classifier3 decision:O(0.89%) |	 -> Final Decision (O) value:1.55
1,0.67,0,0,1,0,0.8,-1,0.25,N	Classifier1 decision:N(0.33%) |Classifier2 decision:N(0.40%) |Classifier3 decision:N(0.89%) |	 -> Final Decision (N) value:1.00
1,0.75,1,0,0,0,0.6,0,0.25,N	Classifier1 decision:N(0.33%) |Classifier2 decision:N(0.40%) |Classifier3 decision:N(0.89%) |	 -> Final Decision (N) value:1.00
1,0.67,1,1,0,0,0.8,-1,0.25,N	Classifier1 decision:N(0.33%) |Classifier2 decision:N(0.40%) |Classifier3 decision:N(0.89%) |	 -> Final Decision (N) value:1.00
1,0.69,1,0,1,-1,1,-1,0.44,O	Classifier1 decision:N(0.33%) |Classifier2 decision:N(0.40%) |Classifier3 decision:N(0.89%) |	 -> Final Decision (N) value:1.00
1,0.56,1,0,1,0,1,-1,0.63,N	Classifier1 decision:N(0.33%) |Classifier2 decision:N(0.40%) |Classifier3 decision:N(0.89%) |	 -> Final Decision (N) value:1.00
1,0.67,1,0,0,0,1,-1,0.25,N	Classifier1 decision:N(0.33%) |Classifier2 decision:N(0.40%) |Classifier3 decision:N(0.89%) |	 -> Final Decision (N) value:1.00
1,0.67,1,0,1,0,0.6,-1,0.38,O	Classifier1 decision:N(0.33%) |Classifier2 decision:N(0.40%) |Classifier3 decision:O(0.89%) |	 -> Final Decision (O) value:1.55
1,0.78,1,1,0,1,0.6,-1,0.38,O	Classifier1 decision:N(0.33%) |Classifier2 decision:N(0.40%) |Classifier3 decision:N(0.89%) |	 -> Final Decision (N) value:1.00
1,0.58,0,0,1,0,1,-1,0.19,N	Classifier1 decision:N(0.33%) |Classifier2 decision:N(0.40%) |Classifier3 decision:N(0.89%) |	 -> Final Decision (N) value:1.00
1,0.67,0,0,1,0,0.6,0,0.5,O	Classifier1 decision:N(0.33%) |Classifier2 decision:N(0.40%) |Classifier3 decision:N(0.89%) |	 -> Final Decision (N) value:1.00
1,0.61,1,0,1,0,1,-1,0.63,N	Classifier1 decision:N(0.33%) |Classifier2 decision:N(0.40%) |Classifier3 decision:N(0.89%) |	 -> Final Decision (N) value:1.00
1,0.56,1,0,0,0,1,-1,0.44,N	Classifier1 decision:N(0.33%) |Classifier2 decision:N(0.40%) |Classifier3 decision:N(0.89%) |	 -> Final Decision (N) value:1.00
1,0.64,0,0,0,0,1,-1,0.63,N	Classifier1 decision:N(0.33%) |Classifier2 decision:N(0.40%) |Classifier3 decision:N(0.89%) |	 -> Final Decision (N) value:1.00
1,0.58,1,1,1,0,0.8,0,0.44,N	Classifier1 decision:N(0.33%) |Classifier2 decision:N(0.40%) |Classifier3 decision:N(0.89%) |	 -> Final Decision (N) value:1.00
1,0.56,1,1,1,0,1,-1,0.63,N	Classifier1 decision:N(0.33%) |Classifier2 decision:N(0.40%) |Classifier3 decision:N(0.89%) |	 -> Final Decision (N) value:1.00
-1,0.78,1,1,0,1,0.6,-1,0.38,N	Classifier1 decision:N(0.33%) |Classifier2 decision:N(0.40%) |Classifier3 decision:N(0.89%) |	 -> Final Decision (N) value:1.00
-1,0.78,1,0,1,0,1,-1,0.25,N	Classifier1 decision:N(0.33%) |Classifier2 decision:N(0.40%) |Classifier3 decision:N(0.89%) |	 -> Final Decision (N) value:1.00
-1,0.56,1,0,1,0,1,-1,0.63,N	Classifier1 decision:N(0.33%) |Classifier2 decision:N(0.40%) |Classifier3 decision:N(0.89%) |	 -> Final Decision (N) value:1.00
-1,0.67,0,0,1,0,0.6,0,0.5,O	Classifier1 decision:N(0.33%) |Classifier2 decision:N(0.40%) |Classifier3 decision:O(0.89%) |	 -> Final Decision (O) value:1.55
-1,0.69,1,0,0,0,1,-1,0.31,N	Classifier1 decision:N(0.33%) |Classifier2 decision:N(0.40%) |Classifier3 decision:N(0.89%) |	 -> Final Decision (N) value:1.00
