***************************************************************************
This file has been auto generated by DDM Distributed Decision Making System
***************************************************************************

5.0,3.0,1.6,0.2,Iris-setosa
	Classifier1 (weka.classifiers.trees.J48) decision:Iris-setosa(73.33%) 0ms 
	Classifier2 (weka.classifiers.lazy.IBk) decision:Iris-setosa(80.00%) 1ms 
	Classifier3 (weka.classifiers.functions.MultilayerPerceptron) decision:Iris-setosa(88.00%) 1ms 
	Classifier4 (weka.classifiers.trees.J48) decision:Iris-setosa(84.00%) 0ms 
	Classifier5 (weka.classifiers.lazy.IBk) decision:Iris-setosa(93.33%) 0ms 
		Final Decision using OWA (Iris-setosa) value:0.00 in 39ms
6.6,3.0,4.4,1.4,Iris-versicolor
	Classifier1 (weka.classifiers.trees.J48) decision:Iris-versicolor(73.33%) 0ms 
	Classifier2 (weka.classifiers.lazy.IBk) decision:Iris-versicolor(80.00%) 1ms 
	Classifier3 (weka.classifiers.functions.MultilayerPerceptron) decision:Iris-versicolor(88.00%) 0ms 
	Classifier4 (weka.classifiers.trees.J48) decision:Iris-versicolor(84.00%) 0ms 
	Classifier5 (weka.classifiers.lazy.IBk) decision:Iris-versicolor(93.33%) 2ms 
		Final Decision using OWA (Iris-versicolor) value:1.00 in 0ms
7.2,3.2,6.0,1.8,Iris-virginica
	Classifier1 (weka.classifiers.trees.J48) decision:Iris-virginica(73.33%) 0ms 
	Classifier2 (weka.classifiers.lazy.IBk) decision:Iris-virginica(80.00%) 1ms 
	Classifier3 (weka.classifiers.functions.MultilayerPerceptron) decision:Iris-virginica(88.00%) 0ms 
	Classifier4 (weka.classifiers.trees.J48) decision:Iris-virginica(84.00%) 0ms 
	Classifier5 (weka.classifiers.lazy.IBk) decision:Iris-virginica(93.33%) 1ms 
		Final Decision using OWA (Iris-virginica) value:2.00 in 0ms
5.0,3.4,1.6,0.4,Iris-setosa
	Classifier1 (weka.classifiers.trees.J48) decision:Iris-setosa(73.33%) 0ms 
	Classifier2 (weka.classifiers.lazy.IBk) decision:Iris-setosa(80.00%) 2ms 
	Classifier3 (weka.classifiers.functions.MultilayerPerceptron) decision:Iris-setosa(88.00%) 0ms 
	Classifier4 (weka.classifiers.trees.J48) decision:Iris-setosa(84.00%) 0ms 
	Classifier5 (weka.classifiers.lazy.IBk) decision:Iris-setosa(93.33%) 1ms 
		Final Decision using OWA (Iris-setosa) value:0.00 in 1ms
6.8,2.8,4.8,1.4,Iris-versicolor
	Classifier1 (weka.classifiers.trees.J48) decision:Iris-versicolor(73.33%) 0ms 
	Classifier2 (weka.classifiers.lazy.IBk) decision:Iris-versicolor(80.00%) 1ms 
	Classifier3 (weka.classifiers.functions.MultilayerPerceptron) decision:Iris-versicolor(88.00%) 1ms 
	Classifier4 (weka.classifiers.trees.J48) decision:Iris-versicolor(84.00%) 0ms 
	Classifier5 (weka.classifiers.lazy.IBk) decision:Iris-versicolor(93.33%) 2ms 
		Final Decision using OWA (Iris-versicolor) value:1.00 in 0ms
6.2,2.8,4.8,1.8,Iris-virginica
	Classifier1 (weka.classifiers.trees.J48) decision:Iris-virginica(73.33%) 0ms 
	Classifier2 (weka.classifiers.lazy.IBk) decision:Iris-virginica(80.00%) 1ms 
	Classifier3 (weka.classifiers.functions.MultilayerPerceptron) decision:Iris-virginica(88.00%) 0ms 
	Classifier4 (weka.classifiers.trees.J48) decision:Iris-versicolor(84.00%) 1ms 
	Classifier5 (weka.classifiers.lazy.IBk) decision:Iris-virginica(93.33%) 1ms 
		Final Decision using OWA (Iris-virginica) value:1.80 in 0ms
5.2,3.5,1.5,0.2,Iris-setosa
	Classifier1 (weka.classifiers.trees.J48) decision:Iris-setosa(73.33%) 0ms 
	Classifier2 (weka.classifiers.lazy.IBk) decision:Iris-setosa(80.00%) 1ms 
	Classifier3 (weka.classifiers.functions.MultilayerPerceptron) decision:Iris-setosa(88.00%) 0ms 
	Classifier4 (weka.classifiers.trees.J48) decision:Iris-setosa(84.00%) 0ms 
	Classifier5 (weka.classifiers.lazy.IBk) decision:Iris-setosa(93.33%) 0ms 
		Final Decision using OWA (Iris-setosa) value:0.00 in 2ms
6.7,3.0,5.0,1.7,Iris-versicolor
	Classifier1 (weka.classifiers.trees.J48) decision:Iris-virginica(73.33%) 0ms 
	Classifier2 (weka.classifiers.lazy.IBk) decision:Iris-versicolor(80.00%) 0ms 
	Classifier3 (weka.classifiers.functions.MultilayerPerceptron) decision:Iris-versicolor(88.00%) 1ms 
	Classifier4 (weka.classifiers.trees.J48) decision:Iris-virginica(84.00%) 0ms 
	Classifier5 (weka.classifiers.lazy.IBk) decision:Iris-virginica(93.33%) 0ms 
		Final Decision using OWA (Iris-virginica) value:1.60 in 0ms **disagreed
6.1,3.0,4.9,1.8,Iris-virginica
	Classifier1 (weka.classifiers.trees.J48) decision:Iris-virginica(73.33%) 0ms 
	Classifier2 (weka.classifiers.lazy.IBk) decision:Iris-virginica(80.00%) 1ms 
	Classifier3 (weka.classifiers.functions.MultilayerPerceptron) decision:Iris-versicolor(88.00%) 0ms 
	Classifier4 (weka.classifiers.trees.J48) decision:Iris-versicolor(84.00%) 0ms 
	Classifier5 (weka.classifiers.lazy.IBk) decision:Iris-versicolor(93.33%) 0ms 
		Final Decision using OWA (Iris-versicolor) value:1.37 in 5ms **disagreed
5.2,3.4,1.4,0.2,Iris-setosa
	Classifier1 (weka.classifiers.trees.J48) decision:Iris-setosa(73.33%) 0ms 
	Classifier2 (weka.classifiers.lazy.IBk) decision:Iris-setosa(80.00%) 0ms 
	Classifier3 (weka.classifiers.functions.MultilayerPerceptron) decision:Iris-setosa(88.00%) 0ms 
	Classifier4 (weka.classifiers.trees.J48) decision:Iris-setosa(84.00%) 0ms 
	Classifier5 (weka.classifiers.lazy.IBk) decision:Iris-setosa(93.33%) 0ms 
		Final Decision using OWA (Iris-setosa) value:0.00 in 0ms
6.0,2.9,4.5,1.5,Iris-versicolor
	Classifier1 (weka.classifiers.trees.J48) decision:Iris-versicolor(73.33%) 0ms 
	Classifier2 (weka.classifiers.lazy.IBk) decision:Iris-versicolor(80.00%) 1ms 
	Classifier3 (weka.classifiers.functions.MultilayerPerceptron) decision:Iris-versicolor(88.00%) 0ms 
	Classifier4 (weka.classifiers.trees.J48) decision:Iris-versicolor(84.00%) 0ms 
	Classifier5 (weka.classifiers.lazy.IBk) decision:Iris-versicolor(93.33%) 0ms 
		Final Decision using OWA (Iris-versicolor) value:1.00 in 0ms
6.4,2.8,5.6,2.1,Iris-virginica
	Classifier1 (weka.classifiers.trees.J48) decision:Iris-virginica(73.33%) 0ms 
	Classifier2 (weka.classifiers.lazy.IBk) decision:Iris-virginica(80.00%) 0ms 
	Classifier3 (weka.classifiers.functions.MultilayerPerceptron) decision:Iris-virginica(88.00%) 0ms 
	Classifier4 (weka.classifiers.trees.J48) decision:Iris-virginica(84.00%) 0ms 
	Classifier5 (weka.classifiers.lazy.IBk) decision:Iris-virginica(93.33%) 1ms 
		Final Decision using OWA (Iris-virginica) value:2.00 in 0ms
4.7,3.2,1.6,0.2,Iris-setosa
	Classifier1 (weka.classifiers.trees.J48) decision:Iris-setosa(73.33%) 0ms 
	Classifier2 (weka.classifiers.lazy.IBk) decision:Iris-setosa(80.00%) 0ms 
	Classifier3 (weka.classifiers.functions.MultilayerPerceptron) decision:Iris-setosa(88.00%) 0ms 
	Classifier4 (weka.classifiers.trees.J48) decision:Iris-setosa(84.00%) 0ms 
	Classifier5 (weka.classifiers.lazy.IBk) decision:Iris-setosa(93.33%) 0ms 
		Final Decision using OWA (Iris-setosa) value:0.00 in 0ms
5.7,2.6,3.5,1.0,Iris-versicolor
	Classifier1 (weka.classifiers.trees.J48) decision:Iris-versicolor(73.33%) 0ms 
	Classifier2 (weka.classifiers.lazy.IBk) decision:Iris-versicolor(80.00%) 1ms 
	Classifier3 (weka.classifiers.functions.MultilayerPerceptron) decision:Iris-versicolor(88.00%) 0ms 
	Classifier4 (weka.classifiers.trees.J48) decision:Iris-versicolor(84.00%) 0ms 
	Classifier5 (weka.classifiers.lazy.IBk) decision:Iris-versicolor(93.33%) 1ms 
		Final Decision using OWA (Iris-versicolor) value:1.00 in 1ms
7.2,3.0,5.8,1.6,Iris-virginica
	Classifier1 (weka.classifiers.trees.J48) decision:Iris-versicolor(73.33%) 0ms 
	Classifier2 (weka.classifiers.lazy.IBk) decision:Iris-virginica(80.00%) 0ms 
	Classifier3 (weka.classifiers.functions.MultilayerPerceptron) decision:Iris-virginica(88.00%) 0ms 
	Classifier4 (weka.classifiers.trees.J48) decision:Iris-virginica(84.00%) 0ms 
	Classifier5 (weka.classifiers.lazy.IBk) decision:Iris-virginica(93.33%) 0ms 
		Final Decision using OWA (Iris-virginica) value:1.82 in 1ms
4.8,3.1,1.6,0.2,Iris-setosa
	Classifier1 (weka.classifiers.trees.J48) decision:Iris-setosa(73.33%) 0ms 
	Classifier2 (weka.classifiers.lazy.IBk) decision:Iris-setosa(80.00%) 0ms 
	Classifier3 (weka.classifiers.functions.MultilayerPerceptron) decision:Iris-setosa(88.00%) 0ms 
	Classifier4 (weka.classifiers.trees.J48) decision:Iris-setosa(84.00%) 0ms 
	Classifier5 (weka.classifiers.lazy.IBk) decision:Iris-setosa(93.33%) 0ms 
		Final Decision using OWA (Iris-setosa) value:0.00 in 1ms
5.5,2.4,3.8,1.1,Iris-versicolor
	Classifier1 (weka.classifiers.trees.J48) decision:Iris-versicolor(73.33%) 0ms 
	Classifier2 (weka.classifiers.lazy.IBk) decision:Iris-versicolor(80.00%) 0ms 
	Classifier3 (weka.classifiers.functions.MultilayerPerceptron) decision:Iris-versicolor(88.00%) 0ms 
	Classifier4 (weka.classifiers.trees.J48) decision:Iris-versicolor(84.00%) 0ms 
	Classifier5 (weka.classifiers.lazy.IBk) decision:Iris-versicolor(93.33%) 0ms 
		Final Decision using OWA (Iris-versicolor) value:1.00 in 0ms
7.4,2.8,6.1,1.9,Iris-virginica
	Classifier1 (weka.classifiers.trees.J48) decision:Iris-virginica(73.33%) 0ms 
	Classifier2 (weka.classifiers.lazy.IBk) decision:Iris-virginica(80.00%) 3ms 
	Classifier3 (weka.classifiers.functions.MultilayerPerceptron) decision:Iris-virginica(88.00%) 0ms 
	Classifier4 (weka.classifiers.trees.J48) decision:Iris-virginica(84.00%) 0ms 
	Classifier5 (weka.classifiers.lazy.IBk) decision:Iris-virginica(93.33%) 0ms 
		Final Decision using OWA (Iris-virginica) value:2.00 in 0ms
5.4,3.4,1.5,0.4,Iris-setosa
	Classifier1 (weka.classifiers.trees.J48) decision:Iris-setosa(73.33%) 0ms 
	Classifier2 (weka.classifiers.lazy.IBk) decision:Iris-setosa(80.00%) 0ms 
	Classifier3 (weka.classifiers.functions.MultilayerPerceptron) decision:Iris-setosa(88.00%) 0ms 
	Classifier4 (weka.classifiers.trees.J48) decision:Iris-setosa(84.00%) 0ms 
	Classifier5 (weka.classifiers.lazy.IBk) decision:Iris-setosa(93.33%) 0ms 
		Final Decision using OWA (Iris-setosa) value:0.00 in 1ms
5.5,2.4,3.7,1.0,Iris-versicolor
	Classifier1 (weka.classifiers.trees.J48) decision:Iris-versicolor(73.33%) 0ms 
	Classifier2 (weka.classifiers.lazy.IBk) decision:Iris-versicolor(80.00%) 0ms 
	Classifier3 (weka.classifiers.functions.MultilayerPerceptron) decision:Iris-versicolor(88.00%) 0ms 
	Classifier4 (weka.classifiers.trees.J48) decision:Iris-versicolor(84.00%) 0ms 
	Classifier5 (weka.classifiers.lazy.IBk) decision:Iris-versicolor(93.33%) 0ms 
		Final Decision using OWA (Iris-versicolor) value:1.00 in 1ms
7.9,3.8,6.4,2.0,Iris-virginica
	Classifier1 (weka.classifiers.trees.J48) decision:Iris-virginica(73.33%) 0ms 
	Classifier2 (weka.classifiers.lazy.IBk) decision:Iris-virginica(80.00%) 0ms 
	Classifier3 (weka.classifiers.functions.MultilayerPerceptron) decision:Iris-virginica(88.00%) 0ms 
	Classifier4 (weka.classifiers.trees.J48) decision:Iris-virginica(84.00%) 0ms 
	Classifier5 (weka.classifiers.lazy.IBk) decision:Iris-virginica(93.33%) 1ms 
		Final Decision using OWA (Iris-virginica) value:2.00 in 0ms
5.2,4.1,1.5,0.1,Iris-setosa
	Classifier1 (weka.classifiers.trees.J48) decision:Iris-setosa(73.33%) 0ms 
	Classifier2 (weka.classifiers.lazy.IBk) decision:Iris-setosa(80.00%) 0ms 
	Classifier3 (weka.classifiers.functions.MultilayerPerceptron) decision:Iris-setosa(88.00%) 0ms 
	Classifier4 (weka.classifiers.trees.J48) decision:Iris-setosa(84.00%) 0ms 
	Classifier5 (weka.classifiers.lazy.IBk) decision:Iris-setosa(93.33%) 0ms 
		Final Decision using OWA (Iris-setosa) value:0.00 in 0ms
5.8,2.7,3.9,1.2,Iris-versicolor
	Classifier1 (weka.classifiers.trees.J48) decision:Iris-versicolor(73.33%) 0ms 
	Classifier2 (weka.classifiers.lazy.IBk) decision:Iris-versicolor(80.00%) 0ms 
	Classifier3 (weka.classifiers.functions.MultilayerPerceptron) decision:Iris-versicolor(88.00%) 1ms 
	Classifier4 (weka.classifiers.trees.J48) decision:Iris-versicolor(84.00%) 0ms 
	Classifier5 (weka.classifiers.lazy.IBk) decision:Iris-versicolor(93.33%) 1ms 
		Final Decision using OWA (Iris-versicolor) value:1.00 in 0ms
6.4,2.8,5.6,2.2,Iris-virginica
	Classifier1 (weka.classifiers.trees.J48) decision:Iris-virginica(73.33%) 0ms 
	Classifier2 (weka.classifiers.lazy.IBk) decision:Iris-virginica(80.00%) 0ms 
	Classifier3 (weka.classifiers.functions.MultilayerPerceptron) decision:Iris-virginica(88.00%) 0ms 
	Classifier4 (weka.classifiers.trees.J48) decision:Iris-virginica(84.00%) 0ms 
	Classifier5 (weka.classifiers.lazy.IBk) decision:Iris-virginica(93.33%) 0ms 
		Final Decision using OWA (Iris-virginica) value:2.00 in 0ms
5.5,4.2,1.4,0.2,Iris-setosa
	Classifier1 (weka.classifiers.trees.J48) decision:Iris-setosa(73.33%) 1ms 
	Classifier2 (weka.classifiers.lazy.IBk) decision:Iris-setosa(80.00%) 1ms 
	Classifier3 (weka.classifiers.functions.MultilayerPerceptron) decision:Iris-setosa(88.00%) 0ms 
	Classifier4 (weka.classifiers.trees.J48) decision:Iris-setosa(84.00%) 0ms 
	Classifier5 (weka.classifiers.lazy.IBk) decision:Iris-setosa(93.33%) 2ms 
		Final Decision using OWA (Iris-setosa) value:0.00 in 0ms
6.0,2.7,5.1,1.6,Iris-versicolor
	Classifier1 (weka.classifiers.trees.J48) decision:Iris-versicolor(73.33%) 0ms 
	Classifier2 (weka.classifiers.lazy.IBk) decision:Iris-virginica(80.00%) 0ms 
	Classifier3 (weka.classifiers.functions.MultilayerPerceptron) decision:Iris-virginica(88.00%) 0ms 
	Classifier4 (weka.classifiers.trees.J48) decision:Iris-virginica(84.00%) 0ms 
	Classifier5 (weka.classifiers.lazy.IBk) decision:Iris-versicolor(93.33%) 1ms 
		Final Decision using OWA (Iris-virginica) value:1.60 in 0ms **disagreed
6.3,2.8,5.1,1.5,Iris-virginica
	Classifier1 (weka.classifiers.trees.J48) decision:Iris-versicolor(73.33%) 0ms 
	Classifier2 (weka.classifiers.lazy.IBk) decision:Iris-versicolor(80.00%) 0ms 
	Classifier3 (weka.classifiers.functions.MultilayerPerceptron) decision:Iris-versicolor(88.00%) 0ms 
	Classifier4 (weka.classifiers.trees.J48) decision:Iris-virginica(84.00%) 0ms 
	Classifier5 (weka.classifiers.lazy.IBk) decision:Iris-versicolor(93.33%) 0ms 
		Final Decision using OWA (Iris-versicolor) value:1.20 in 1ms **disagreed
4.9,3.1,1.5,0.1,Iris-setosa
	Classifier1 (weka.classifiers.trees.J48) decision:Iris-setosa(73.33%) 0ms 
	Classifier2 (weka.classifiers.lazy.IBk) decision:Iris-setosa(80.00%) 0ms 
	Classifier3 (weka.classifiers.functions.MultilayerPerceptron) decision:Iris-setosa(88.00%) 0ms 
	Classifier4 (weka.classifiers.trees.J48) decision:Iris-setosa(84.00%) 0ms 
	Classifier5 (weka.classifiers.lazy.IBk) decision:Iris-setosa(93.33%) 0ms 
		Final Decision using OWA (Iris-setosa) value:0.00 in 0ms
5.4,3.0,4.5,1.5,Iris-versicolor
	Classifier1 (weka.classifiers.trees.J48) decision:Iris-versicolor(73.33%) 0ms 
	Classifier2 (weka.classifiers.lazy.IBk) decision:Iris-versicolor(80.00%) 0ms 
	Classifier3 (weka.classifiers.functions.MultilayerPerceptron) decision:Iris-versicolor(88.00%) 0ms 
	Classifier4 (weka.classifiers.trees.J48) decision:Iris-versicolor(84.00%) 0ms 
	Classifier5 (weka.classifiers.lazy.IBk) decision:Iris-versicolor(93.33%) 0ms 
		Final Decision using OWA (Iris-versicolor) value:1.00 in 0ms
6.1,2.6,5.6,1.4,Iris-virginica
	Classifier1 (weka.classifiers.trees.J48) decision:Iris-versicolor(73.33%) 0ms 
	Classifier2 (weka.classifiers.lazy.IBk) decision:Iris-versicolor(80.00%) 0ms 
	Classifier3 (weka.classifiers.functions.MultilayerPerceptron) decision:Iris-virginica(88.00%) 0ms 
	Classifier4 (weka.classifiers.trees.J48) decision:Iris-virginica(84.00%) 0ms 
	Classifier5 (weka.classifiers.lazy.IBk) decision:Iris-versicolor(93.33%) 0ms 
		Final Decision using OWA (Iris-versicolor) value:1.41 in 1ms **disagreed
5.0,3.2,1.2,0.2,Iris-setosa
	Classifier1 (weka.classifiers.trees.J48) decision:Iris-setosa(73.33%) 0ms 
	Classifier2 (weka.classifiers.lazy.IBk) decision:Iris-setosa(80.00%) 0ms 
	Classifier3 (weka.classifiers.functions.MultilayerPerceptron) decision:Iris-setosa(88.00%) 0ms 
	Classifier4 (weka.classifiers.trees.J48) decision:Iris-setosa(84.00%) 0ms 
	Classifier5 (weka.classifiers.lazy.IBk) decision:Iris-setosa(93.33%) 0ms 
		Final Decision using OWA (Iris-setosa) value:0.00 in 0ms
6.0,3.4,4.5,1.6,Iris-versicolor
	Classifier1 (weka.classifiers.trees.J48) decision:Iris-versicolor(73.33%) 0ms 
	Classifier2 (weka.classifiers.lazy.IBk) decision:Iris-versicolor(80.00%) 0ms 
	Classifier3 (weka.classifiers.functions.MultilayerPerceptron) decision:Iris-versicolor(88.00%) 0ms 
	Classifier4 (weka.classifiers.trees.J48) decision:Iris-versicolor(84.00%) 0ms 
	Classifier5 (weka.classifiers.lazy.IBk) decision:Iris-versicolor(93.33%) 0ms 
		Final Decision using OWA (Iris-versicolor) value:1.00 in 0ms
7.7,3.0,6.1,2.3,Iris-virginica
	Classifier1 (weka.classifiers.trees.J48) decision:Iris-virginica(73.33%) 0ms 
	Classifier2 (weka.classifiers.lazy.IBk) decision:Iris-virginica(80.00%) 0ms 
	Classifier3 (weka.classifiers.functions.MultilayerPerceptron) decision:Iris-virginica(88.00%) 0ms 
	Classifier4 (weka.classifiers.trees.J48) decision:Iris-virginica(84.00%) 0ms 
	Classifier5 (weka.classifiers.lazy.IBk) decision:Iris-virginica(93.33%) 0ms 
		Final Decision using OWA (Iris-virginica) value:2.00 in 0ms
5.5,3.5,1.3,0.2,Iris-setosa
	Classifier1 (weka.classifiers.trees.J48) decision:Iris-setosa(73.33%) 0ms 
	Classifier2 (weka.classifiers.lazy.IBk) decision:Iris-setosa(80.00%) 1ms 
	Classifier3 (weka.classifiers.functions.MultilayerPerceptron) decision:Iris-setosa(88.00%) 0ms 
	Classifier4 (weka.classifiers.trees.J48) decision:Iris-setosa(84.00%) 0ms 
	Classifier5 (weka.classifiers.lazy.IBk) decision:Iris-setosa(93.33%) 0ms 
		Final Decision using OWA (Iris-setosa) value:0.00 in 0ms
6.7,3.1,4.7,1.5,Iris-versicolor
	Classifier1 (weka.classifiers.trees.J48) decision:Iris-versicolor(73.33%) 0ms 
	Classifier2 (weka.classifiers.lazy.IBk) decision:Iris-versicolor(80.00%) 0ms 
	Classifier3 (weka.classifiers.functions.MultilayerPerceptron) decision:Iris-versicolor(88.00%) 0ms 
	Classifier4 (weka.classifiers.trees.J48) decision:Iris-versicolor(84.00%) 0ms 
	Classifier5 (weka.classifiers.lazy.IBk) decision:Iris-versicolor(93.33%) 0ms 
		Final Decision using OWA (Iris-versicolor) value:1.00 in 1ms
6.3,3.4,5.6,2.4,Iris-virginica
	Classifier1 (weka.classifiers.trees.J48) decision:Iris-virginica(73.33%) 0ms 
	Classifier2 (weka.classifiers.lazy.IBk) decision:Iris-virginica(80.00%) 0ms 
	Classifier3 (weka.classifiers.functions.MultilayerPerceptron) decision:Iris-virginica(88.00%) 0ms 
	Classifier4 (weka.classifiers.trees.J48) decision:Iris-virginica(84.00%) 0ms 
	Classifier5 (weka.classifiers.lazy.IBk) decision:Iris-virginica(93.33%) 0ms 
		Final Decision using OWA (Iris-virginica) value:2.00 in 1ms
4.9,3.1,1.5,0.1,Iris-setosa
	Classifier1 (weka.classifiers.trees.J48) decision:Iris-setosa(73.33%) 0ms 
	Classifier2 (weka.classifiers.lazy.IBk) decision:Iris-setosa(80.00%) 0ms 
	Classifier3 (weka.classifiers.functions.MultilayerPerceptron) decision:Iris-setosa(88.00%) 0ms 
	Classifier4 (weka.classifiers.trees.J48) decision:Iris-setosa(84.00%) 0ms 
	Classifier5 (weka.classifiers.lazy.IBk) decision:Iris-setosa(93.33%) 0ms 
		Final Decision using OWA (Iris-setosa) value:0.00 in 0ms
6.3,2.3,4.4,1.3,Iris-versicolor
	Classifier1 (weka.classifiers.trees.J48) decision:Iris-versicolor(73.33%) 0ms 
	Classifier2 (weka.classifiers.lazy.IBk) decision:Iris-versicolor(80.00%) 0ms 
	Classifier3 (weka.classifiers.functions.MultilayerPerceptron) decision:Iris-versicolor(88.00%) 0ms 
	Classifier4 (weka.classifiers.trees.J48) decision:Iris-versicolor(84.00%) 0ms 
	Classifier5 (weka.classifiers.lazy.IBk) decision:Iris-versicolor(93.33%) 0ms 
		Final Decision using OWA (Iris-versicolor) value:1.00 in 0ms
6.4,3.1,5.5,1.8,Iris-virginica
	Classifier1 (weka.classifiers.trees.J48) decision:Iris-virginica(73.33%) 0ms 
	Classifier2 (weka.classifiers.lazy.IBk) decision:Iris-virginica(80.00%) 0ms 
	Classifier3 (weka.classifiers.functions.MultilayerPerceptron) decision:Iris-virginica(88.00%) 0ms 
	Classifier4 (weka.classifiers.trees.J48) decision:Iris-virginica(84.00%) 0ms 
	Classifier5 (weka.classifiers.lazy.IBk) decision:Iris-virginica(93.33%) 0ms 
		Final Decision using OWA (Iris-virginica) value:2.00 in 1ms
4.4,3.0,1.3,0.2,Iris-setosa
	Classifier1 (weka.classifiers.trees.J48) decision:Iris-setosa(73.33%) 0ms 
	Classifier2 (weka.classifiers.lazy.IBk) decision:Iris-setosa(80.00%) 0ms 
	Classifier3 (weka.classifiers.functions.MultilayerPerceptron) decision:Iris-setosa(88.00%) 0ms 
	Classifier4 (weka.classifiers.trees.J48) decision:Iris-setosa(84.00%) 0ms 
	Classifier5 (weka.classifiers.lazy.IBk) decision:Iris-setosa(93.33%) 0ms 
		Final Decision using OWA (Iris-setosa) value:0.00 in 1ms
5.6,3.0,4.1,1.3,Iris-versicolor
	Classifier1 (weka.classifiers.trees.J48) decision:Iris-versicolor(73.33%) 0ms 
	Classifier2 (weka.classifiers.lazy.IBk) decision:Iris-versicolor(80.00%) 0ms 
	Classifier3 (weka.classifiers.functions.MultilayerPerceptron) decision:Iris-versicolor(88.00%) 0ms 
	Classifier4 (weka.classifiers.trees.J48) decision:Iris-versicolor(84.00%) 0ms 
	Classifier5 (weka.classifiers.lazy.IBk) decision:Iris-versicolor(93.33%) 0ms 
		Final Decision using OWA (Iris-versicolor) value:1.00 in 1ms
6.0,3.0,4.8,1.8,Iris-virginica
	Classifier1 (weka.classifiers.trees.J48) decision:Iris-virginica(73.33%) 0ms 
	Classifier2 (weka.classifiers.lazy.IBk) decision:Iris-virginica(80.00%) 0ms 
	Classifier3 (weka.classifiers.functions.MultilayerPerceptron) decision:Iris-versicolor(88.00%) 0ms 
	Classifier4 (weka.classifiers.trees.J48) decision:Iris-versicolor(84.00%) 0ms 
	Classifier5 (weka.classifiers.lazy.IBk) decision:Iris-versicolor(93.33%) 0ms 
		Final Decision using OWA (Iris-versicolor) value:1.37 in 0ms **disagreed
5.1,3.4,1.5,0.2,Iris-setosa
	Classifier1 (weka.classifiers.trees.J48) decision:Iris-setosa(73.33%) 0ms 
	Classifier2 (weka.classifiers.lazy.IBk) decision:Iris-setosa(80.00%) 0ms 
	Classifier3 (weka.classifiers.functions.MultilayerPerceptron) decision:Iris-setosa(88.00%) 0ms 
	Classifier4 (weka.classifiers.trees.J48) decision:Iris-setosa(84.00%) 0ms 
	Classifier5 (weka.classifiers.lazy.IBk) decision:Iris-setosa(93.33%) 0ms 
		Final Decision using OWA (Iris-setosa) value:0.00 in 0ms
5.5,2.5,4.0,1.3,Iris-versicolor
	Classifier1 (weka.classifiers.trees.J48) decision:Iris-versicolor(73.33%) 0ms 
	Classifier2 (weka.classifiers.lazy.IBk) decision:Iris-versicolor(80.00%) 0ms 
	Classifier3 (weka.classifiers.functions.MultilayerPerceptron) decision:Iris-versicolor(88.00%) 0ms 
	Classifier4 (weka.classifiers.trees.J48) decision:Iris-versicolor(84.00%) 0ms 
	Classifier5 (weka.classifiers.lazy.IBk) decision:Iris-versicolor(93.33%) 0ms 
		Final Decision using OWA (Iris-versicolor) value:1.00 in 0ms
6.9,3.1,5.4,2.1,Iris-virginica
	Classifier1 (weka.classifiers.trees.J48) decision:Iris-virginica(73.33%) 0ms 
	Classifier2 (weka.classifiers.lazy.IBk) decision:Iris-virginica(80.00%) 0ms 
	Classifier3 (weka.classifiers.functions.MultilayerPerceptron) decision:Iris-virginica(88.00%) 0ms 
	Classifier4 (weka.classifiers.trees.J48) decision:Iris-virginica(84.00%) 0ms 
	Classifier5 (weka.classifiers.lazy.IBk) decision:Iris-virginica(93.33%) 0ms 
		Final Decision using OWA (Iris-virginica) value:2.00 in 0ms
5.0,3.5,1.3,0.3,Iris-setosa
	Classifier1 (weka.classifiers.trees.J48) decision:Iris-setosa(73.33%) 0ms 
	Classifier2 (weka.classifiers.lazy.IBk) decision:Iris-setosa(80.00%) 0ms 
	Classifier3 (weka.classifiers.functions.MultilayerPerceptron) decision:Iris-setosa(88.00%) 1ms 
	Classifier4 (weka.classifiers.trees.J48) decision:Iris-setosa(84.00%) 0ms 
	Classifier5 (weka.classifiers.lazy.IBk) decision:Iris-setosa(93.33%) 0ms 
		Final Decision using OWA (Iris-setosa) value:0.00 in 0ms
5.5,2.6,4.4,1.2,Iris-versicolor
	Classifier1 (weka.classifiers.trees.J48) decision:Iris-versicolor(73.33%) 0ms 
	Classifier2 (weka.classifiers.lazy.IBk) decision:Iris-versicolor(80.00%) 0ms 
	Classifier3 (weka.classifiers.functions.MultilayerPerceptron) decision:Iris-versicolor(88.00%) 0ms 
	Classifier4 (weka.classifiers.trees.J48) decision:Iris-versicolor(84.00%) 0ms 
	Classifier5 (weka.classifiers.lazy.IBk) decision:Iris-versicolor(93.33%) 0ms 
		Final Decision using OWA (Iris-versicolor) value:1.00 in 0ms
6.7,3.1,5.6,2.4,Iris-virginica
	Classifier1 (weka.classifiers.trees.J48) decision:Iris-virginica(73.33%) 0ms 
	Classifier2 (weka.classifiers.lazy.IBk) decision:Iris-virginica(80.00%) 0ms 
	Classifier3 (weka.classifiers.functions.MultilayerPerceptron) decision:Iris-virginica(88.00%) 0ms 
	Classifier4 (weka.classifiers.trees.J48) decision:Iris-virginica(84.00%) 0ms 
	Classifier5 (weka.classifiers.lazy.IBk) decision:Iris-virginica(93.33%) 0ms 
		Final Decision using OWA (Iris-virginica) value:2.00 in 0ms
4.5,2.3,1.3,0.3,Iris-setosa
	Classifier1 (weka.classifiers.trees.J48) decision:Iris-setosa(73.33%) 0ms 
	Classifier2 (weka.classifiers.lazy.IBk) decision:Iris-setosa(80.00%) 0ms 
	Classifier3 (weka.classifiers.functions.MultilayerPerceptron) decision:Iris-setosa(88.00%) 1ms 
	Classifier4 (weka.classifiers.trees.J48) decision:Iris-setosa(84.00%) 0ms 
	Classifier5 (weka.classifiers.lazy.IBk) decision:Iris-setosa(93.33%) 0ms 
		Final Decision using OWA (Iris-setosa) value:0.00 in 0ms
6.1,3.0,4.6,1.4,Iris-versicolor
	Classifier1 (weka.classifiers.trees.J48) decision:Iris-versicolor(73.33%) 0ms 
	Classifier2 (weka.classifiers.lazy.IBk) decision:Iris-versicolor(80.00%) 0ms 
	Classifier3 (weka.classifiers.functions.MultilayerPerceptron) decision:Iris-versicolor(88.00%) 0ms 
	Classifier4 (weka.classifiers.trees.J48) decision:Iris-versicolor(84.00%) 0ms 
	Classifier5 (weka.classifiers.lazy.IBk) decision:Iris-versicolor(93.33%) 0ms 
		Final Decision using OWA (Iris-versicolor) value:1.00 in 0ms
6.9,3.1,5.1,2.3,Iris-virginica
	Classifier1 (weka.classifiers.trees.J48) decision:Iris-virginica(73.33%) 0ms 
	Classifier2 (weka.classifiers.lazy.IBk) decision:Iris-virginica(80.00%) 0ms 
	Classifier3 (weka.classifiers.functions.MultilayerPerceptron) decision:Iris-virginica(88.00%) 0ms 
	Classifier4 (weka.classifiers.trees.J48) decision:Iris-virginica(84.00%) 0ms 
	Classifier5 (weka.classifiers.lazy.IBk) decision:Iris-virginica(93.33%) 0ms 
		Final Decision using OWA (Iris-virginica) value:2.00 in 1ms
4.4,3.2,1.3,0.2,Iris-setosa
	Classifier1 (weka.classifiers.trees.J48) decision:Iris-setosa(73.33%) 0ms 
	Classifier2 (weka.classifiers.lazy.IBk) decision:Iris-setosa(80.00%) 0ms 
	Classifier3 (weka.classifiers.functions.MultilayerPerceptron) decision:Iris-setosa(88.00%) 0ms 
	Classifier4 (weka.classifiers.trees.J48) decision:Iris-setosa(84.00%) 0ms 
	Classifier5 (weka.classifiers.lazy.IBk) decision:Iris-setosa(93.33%) 0ms 
		Final Decision using OWA (Iris-setosa) value:0.00 in 1ms
5.8,2.6,4.0,1.2,Iris-versicolor
	Classifier1 (weka.classifiers.trees.J48) decision:Iris-versicolor(73.33%) 0ms 
	Classifier2 (weka.classifiers.lazy.IBk) decision:Iris-versicolor(80.00%) 0ms 
	Classifier3 (weka.classifiers.functions.MultilayerPerceptron) decision:Iris-versicolor(88.00%) 0ms 
	Classifier4 (weka.classifiers.trees.J48) decision:Iris-versicolor(84.00%) 0ms 
	Classifier5 (weka.classifiers.lazy.IBk) decision:Iris-versicolor(93.33%) 0ms 
		Final Decision using OWA (Iris-versicolor) value:1.00 in 0ms
5.8,2.7,5.1,1.9,Iris-virginica
	Classifier1 (weka.classifiers.trees.J48) decision:Iris-virginica(73.33%) 0ms 
	Classifier2 (weka.classifiers.lazy.IBk) decision:Iris-virginica(80.00%) 0ms 
	Classifier3 (weka.classifiers.functions.MultilayerPerceptron) decision:Iris-virginica(88.00%) 0ms 
	Classifier4 (weka.classifiers.trees.J48) decision:Iris-virginica(84.00%) 0ms 
	Classifier5 (weka.classifiers.lazy.IBk) decision:Iris-virginica(93.33%) 0ms 
		Final Decision using OWA (Iris-virginica) value:2.00 in 1ms
5.0,3.5,1.6,0.6,Iris-setosa
	Classifier1 (weka.classifiers.trees.J48) decision:Iris-versicolor(73.33%) 0ms 
	Classifier2 (weka.classifiers.lazy.IBk) decision:Iris-setosa(80.00%) 0ms 
	Classifier3 (weka.classifiers.functions.MultilayerPerceptron) decision:Iris-setosa(88.00%) 1ms 
	Classifier4 (weka.classifiers.trees.J48) decision:Iris-versicolor(84.00%) 0ms 
	Classifier5 (weka.classifiers.lazy.IBk) decision:Iris-setosa(93.33%) 0ms 
		Final Decision using OWA (Iris-setosa) value:0.38 in 0ms
5.0,2.3,3.3,1.0,Iris-versicolor
	Classifier1 (weka.classifiers.trees.J48) decision:Iris-versicolor(73.33%) 0ms 
	Classifier2 (weka.classifiers.lazy.IBk) decision:Iris-versicolor(80.00%) 0ms 
	Classifier3 (weka.classifiers.functions.MultilayerPerceptron) decision:Iris-versicolor(88.00%) 0ms 
	Classifier4 (weka.classifiers.trees.J48) decision:Iris-versicolor(84.00%) 0ms 
	Classifier5 (weka.classifiers.lazy.IBk) decision:Iris-versicolor(93.33%) 0ms 
		Final Decision using OWA (Iris-versicolor) value:1.00 in 1ms
6.8,3.2,5.9,2.3,Iris-virginica
	Classifier1 (weka.classifiers.trees.J48) decision:Iris-virginica(73.33%) 0ms 
	Classifier2 (weka.classifiers.lazy.IBk) decision:Iris-virginica(80.00%) 0ms 
	Classifier3 (weka.classifiers.functions.MultilayerPerceptron) decision:Iris-virginica(88.00%) 0ms 
	Classifier4 (weka.classifiers.trees.J48) decision:Iris-virginica(84.00%) 0ms 
	Classifier5 (weka.classifiers.lazy.IBk) decision:Iris-virginica(93.33%) 0ms 
		Final Decision using OWA (Iris-virginica) value:2.00 in 0ms
5.1,3.8,1.9,0.4,Iris-setosa
	Classifier1 (weka.classifiers.trees.J48) decision:Iris-setosa(73.33%) 0ms 
	Classifier2 (weka.classifiers.lazy.IBk) decision:Iris-setosa(80.00%) 0ms 
	Classifier3 (weka.classifiers.functions.MultilayerPerceptron) decision:Iris-setosa(88.00%) 0ms 
	Classifier4 (weka.classifiers.trees.J48) decision:Iris-setosa(84.00%) 0ms 
	Classifier5 (weka.classifiers.lazy.IBk) decision:Iris-setosa(93.33%) 0ms 
		Final Decision using OWA (Iris-setosa) value:0.00 in 0ms
5.6,2.7,4.2,1.3,Iris-versicolor
	Classifier1 (weka.classifiers.trees.J48) decision:Iris-versicolor(73.33%) 0ms 
	Classifier2 (weka.classifiers.lazy.IBk) decision:Iris-versicolor(80.00%) 0ms 
	Classifier3 (weka.classifiers.functions.MultilayerPerceptron) decision:Iris-versicolor(88.00%) 0ms 
	Classifier4 (weka.classifiers.trees.J48) decision:Iris-versicolor(84.00%) 0ms 
	Classifier5 (weka.classifiers.lazy.IBk) decision:Iris-versicolor(93.33%) 0ms 
		Final Decision using OWA (Iris-versicolor) value:1.00 in 0ms
6.7,3.3,5.7,2.5,Iris-virginica
	Classifier1 (weka.classifiers.trees.J48) decision:Iris-virginica(73.33%) 0ms 
	Classifier2 (weka.classifiers.lazy.IBk) decision:Iris-virginica(80.00%) 0ms 
	Classifier3 (weka.classifiers.functions.MultilayerPerceptron) decision:Iris-virginica(88.00%) 0ms 
	Classifier4 (weka.classifiers.trees.J48) decision:Iris-virginica(84.00%) 0ms 
	Classifier5 (weka.classifiers.lazy.IBk) decision:Iris-virginica(93.33%) 0ms 
		Final Decision using OWA (Iris-virginica) value:2.00 in 0ms
4.8,3.0,1.4,0.3,Iris-setosa
	Classifier1 (weka.classifiers.trees.J48) decision:Iris-setosa(73.33%) 0ms 
	Classifier2 (weka.classifiers.lazy.IBk) decision:Iris-setosa(80.00%) 0ms 
	Classifier3 (weka.classifiers.functions.MultilayerPerceptron) decision:Iris-setosa(88.00%) 0ms 
	Classifier4 (weka.classifiers.trees.J48) decision:Iris-setosa(84.00%) 0ms 
	Classifier5 (weka.classifiers.lazy.IBk) decision:Iris-setosa(93.33%) 0ms 
		Final Decision using OWA (Iris-setosa) value:0.00 in 1ms
5.7,3.0,4.2,1.2,Iris-versicolor
	Classifier1 (weka.classifiers.trees.J48) decision:Iris-versicolor(73.33%) 0ms 
	Classifier2 (weka.classifiers.lazy.IBk) decision:Iris-versicolor(80.00%) 1ms 
	Classifier3 (weka.classifiers.functions.MultilayerPerceptron) decision:Iris-versicolor(88.00%) 0ms 
	Classifier4 (weka.classifiers.trees.J48) decision:Iris-versicolor(84.00%) 0ms 
	Classifier5 (weka.classifiers.lazy.IBk) decision:Iris-versicolor(93.33%) 0ms 
		Final Decision using OWA (Iris-versicolor) value:1.00 in 1ms
6.7,3.0,5.2,2.3,Iris-virginica
	Classifier1 (weka.classifiers.trees.J48) decision:Iris-virginica(73.33%) 0ms 
	Classifier2 (weka.classifiers.lazy.IBk) decision:Iris-virginica(80.00%) 0ms 
	Classifier3 (weka.classifiers.functions.MultilayerPerceptron) decision:Iris-virginica(88.00%) 0ms 
	Classifier4 (weka.classifiers.trees.J48) decision:Iris-virginica(84.00%) 0ms 
	Classifier5 (weka.classifiers.lazy.IBk) decision:Iris-virginica(93.33%) 0ms 
		Final Decision using OWA (Iris-virginica) value:2.00 in 0ms
5.1,3.8,1.6,0.2,Iris-setosa
	Classifier1 (weka.classifiers.trees.J48) decision:Iris-setosa(73.33%) 0ms 
	Classifier2 (weka.classifiers.lazy.IBk) decision:Iris-setosa(80.00%) 0ms 
	Classifier3 (weka.classifiers.functions.MultilayerPerceptron) decision:Iris-setosa(88.00%) 1ms 
	Classifier4 (weka.classifiers.trees.J48) decision:Iris-setosa(84.00%) 0ms 
	Classifier5 (weka.classifiers.lazy.IBk) decision:Iris-setosa(93.33%) 0ms 
		Final Decision using OWA (Iris-setosa) value:0.00 in 0ms
5.7,2.9,4.2,1.3,Iris-versicolor
	Classifier1 (weka.classifiers.trees.J48) decision:Iris-versicolor(73.33%) 0ms 
	Classifier2 (weka.classifiers.lazy.IBk) decision:Iris-versicolor(80.00%) 0ms 
	Classifier3 (weka.classifiers.functions.MultilayerPerceptron) decision:Iris-versicolor(88.00%) 0ms 
	Classifier4 (weka.classifiers.trees.J48) decision:Iris-versicolor(84.00%) 0ms 
	Classifier5 (weka.classifiers.lazy.IBk) decision:Iris-versicolor(93.33%) 0ms 
		Final Decision using OWA (Iris-versicolor) value:1.00 in 0ms
6.3,2.5,5.0,1.9,Iris-virginica
	Classifier1 (weka.classifiers.trees.J48) decision:Iris-virginica(73.33%) 0ms 
	Classifier2 (weka.classifiers.lazy.IBk) decision:Iris-virginica(80.00%) 0ms 
	Classifier3 (weka.classifiers.functions.MultilayerPerceptron) decision:Iris-virginica(88.00%) 0ms 
	Classifier4 (weka.classifiers.trees.J48) decision:Iris-virginica(84.00%) 0ms 
	Classifier5 (weka.classifiers.lazy.IBk) decision:Iris-virginica(93.33%) 0ms 
		Final Decision using OWA (Iris-virginica) value:2.00 in 0ms
4.6,3.2,1.4,0.2,Iris-setosa
	Classifier1 (weka.classifiers.trees.J48) decision:Iris-setosa(73.33%) 0ms 
	Classifier2 (weka.classifiers.lazy.IBk) decision:Iris-setosa(80.00%) 0ms 
	Classifier3 (weka.classifiers.functions.MultilayerPerceptron) decision:Iris-setosa(88.00%) 0ms 
	Classifier4 (weka.classifiers.trees.J48) decision:Iris-setosa(84.00%) 0ms 
	Classifier5 (weka.classifiers.lazy.IBk) decision:Iris-setosa(93.33%) 0ms 
		Final Decision using OWA (Iris-setosa) value:0.00 in 0ms
6.2,2.9,4.3,1.3,Iris-versicolor
	Classifier1 (weka.classifiers.trees.J48) decision:Iris-versicolor(73.33%) 0ms 
	Classifier2 (weka.classifiers.lazy.IBk) decision:Iris-versicolor(80.00%) 0ms 
	Classifier3 (weka.classifiers.functions.MultilayerPerceptron) decision:Iris-versicolor(88.00%) 0ms 
	Classifier4 (weka.classifiers.trees.J48) decision:Iris-versicolor(84.00%) 0ms 
	Classifier5 (weka.classifiers.lazy.IBk) decision:Iris-versicolor(93.33%) 0ms 
		Final Decision using OWA (Iris-versicolor) value:1.00 in 1ms
6.5,3.0,5.2,2.0,Iris-virginica
	Classifier1 (weka.classifiers.trees.J48) decision:Iris-virginica(73.33%) 0ms 
	Classifier2 (weka.classifiers.lazy.IBk) decision:Iris-virginica(80.00%) 0ms 
	Classifier3 (weka.classifiers.functions.MultilayerPerceptron) decision:Iris-virginica(88.00%) 0ms 
	Classifier4 (weka.classifiers.trees.J48) decision:Iris-virginica(84.00%) 0ms 
	Classifier5 (weka.classifiers.lazy.IBk) decision:Iris-virginica(93.33%) 0ms 
		Final Decision using OWA (Iris-virginica) value:2.00 in 1ms
5.3,3.7,1.5,0.2,Iris-setosa
	Classifier1 (weka.classifiers.trees.J48) decision:Iris-setosa(73.33%) 0ms 
	Classifier2 (weka.classifiers.lazy.IBk) decision:Iris-setosa(80.00%) 0ms 
	Classifier3 (weka.classifiers.functions.MultilayerPerceptron) decision:Iris-setosa(88.00%) 0ms 
	Classifier4 (weka.classifiers.trees.J48) decision:Iris-setosa(84.00%) 0ms 
	Classifier5 (weka.classifiers.lazy.IBk) decision:Iris-setosa(93.33%) 0ms 
		Final Decision using OWA (Iris-setosa) value:0.00 in 0ms
5.1,2.5,3.0,1.1,Iris-versicolor
	Classifier1 (weka.classifiers.trees.J48) decision:Iris-versicolor(73.33%) 0ms 
	Classifier2 (weka.classifiers.lazy.IBk) decision:Iris-versicolor(80.00%) 0ms 
	Classifier3 (weka.classifiers.functions.MultilayerPerceptron) decision:Iris-versicolor(88.00%) 0ms 
	Classifier4 (weka.classifiers.trees.J48) decision:Iris-versicolor(84.00%) 0ms 
	Classifier5 (weka.classifiers.lazy.IBk) decision:Iris-versicolor(93.33%) 0ms 
		Final Decision using OWA (Iris-versicolor) value:1.00 in 0ms
6.2,3.4,5.4,2.3,Iris-virginica
	Classifier1 (weka.classifiers.trees.J48) decision:Iris-virginica(73.33%) 0ms 
	Classifier2 (weka.classifiers.lazy.IBk) decision:Iris-virginica(80.00%) 0ms 
	Classifier3 (weka.classifiers.functions.MultilayerPerceptron) decision:Iris-virginica(88.00%) 0ms 
	Classifier4 (weka.classifiers.trees.J48) decision:Iris-virginica(84.00%) 0ms 
	Classifier5 (weka.classifiers.lazy.IBk) decision:Iris-virginica(93.33%) 0ms 
		Final Decision using OWA (Iris-virginica) value:2.00 in 0ms
5.0,3.3,1.4,0.2,Iris-setosa
	Classifier1 (weka.classifiers.trees.J48) decision:Iris-setosa(73.33%) 0ms 
	Classifier2 (weka.classifiers.lazy.IBk) decision:Iris-setosa(80.00%) 1ms 
	Classifier3 (weka.classifiers.functions.MultilayerPerceptron) decision:Iris-setosa(88.00%) 0ms 
	Classifier4 (weka.classifiers.trees.J48) decision:Iris-setosa(84.00%) 0ms 
	Classifier5 (weka.classifiers.lazy.IBk) decision:Iris-setosa(93.33%) 0ms 
		Final Decision using OWA (Iris-setosa) value:0.00 in 0ms
5.7,2.8,4.1,1.3,Iris-versicolor
	Classifier1 (weka.classifiers.trees.J48) decision:Iris-versicolor(73.33%) 0ms 
	Classifier2 (weka.classifiers.lazy.IBk) decision:Iris-versicolor(80.00%) 0ms 
	Classifier3 (weka.classifiers.functions.MultilayerPerceptron) decision:Iris-versicolor(88.00%) 0ms 
	Classifier4 (weka.classifiers.trees.J48) decision:Iris-versicolor(84.00%) 0ms 
	Classifier5 (weka.classifiers.lazy.IBk) decision:Iris-versicolor(93.33%) 0ms 
		Final Decision using OWA (Iris-versicolor) value:1.00 in 1ms



***************************************************************************
Image: Iris-setosa associated value: 0.0
Image: Iris-versicolor associated value: 1.0
Image: Iris-virginica associated value: 2.0
***************************************************************************
Duration 121585ms
